# JRE version: OpenJDK Runtime Environment Temurin-17.0.15+6 (17.0.15+6) (build 17.0.15+6)
# Java VM: OpenJDK 64-Bit Server VM Temurin-17.0.15+6 (17.0.15+6, mixed mode, sharing, tiered, compressed oops, compressed class ptrs, g1 gc, windows-amd64)
GC Precious Log:
 CPUs: 4 total, 4 available
 Memory: 7991M
 Large Page Support: Disabled
 NUMA Support: Disabled
 Compressed Oops: Enabled (Zero based)
 Heap Region Size: 4M
 Heap Min Capacity: 8M
 Heap Initial Capacity: 128M
 Heap Max Capacity: 8G
 Pre-touch: Disabled
 Parallel Workers: 4
 Concurrent Workers: 1
 Concurrent Refinement Workers: 4
 Periodic GC: Disabled
Heap:
 garbage-first heap   total 1478656K, used 525430K [0x0000000600000000, 0x0000000800000000)
  region size 4096K, 5 young (20480K), 5 survivors (20480K)
 Metaspace       used 170982K, committed 173312K, reserved 1245184K
  class space    used 22206K, committed 23360K, reserved 1048576K
GC Heap History (20 events):
Event: 5089.432 GC heap after
{Heap after GC invocations=117 (full 1):
 garbage-first heap   total 827392K, used 370723K [0x0000000600000000, 0x0000000800000000)
  region size 4096K, 9 young (36864K), 9 survivors (36864K)
 Metaspace       used 170159K, committed 172480K, reserved 1245184K
  class space    used 22180K, committed 23296K, reserved 1048576K
}
Event: 5089.498 GC heap before
{Heap before GC invocations=117 (full 1):
 garbage-first heap   total 827392K, used 374819K [0x0000000600000000, 0x0000000800000000)
  region size 4096K, 10 young (40960K), 9 survivors (36864K)
 Metaspace       used 170161K, committed 172480K, reserved 1245184K
  class space    used 22180K, committed 23296K, reserved 1048576K
}
Event: 5089.857 GC heap after
{Heap after GC invocations=118 (full 1):
 garbage-first heap   total 1478656K, used 377197K [0x0000000600000000, 0x0000000800000000)
  region size 4096K, 2 young (8192K), 2 survivors (8192K)
 Metaspace       used 170161K, committed 172480K, reserved 1245184K
  class space    used 22180K, committed 23296K, reserved 1048576K
}
Event: 5117.586 GC heap before
{Heap before GC invocations=118 (full 1):
 garbage-first heap   total 1478656K, used 495981K [0x0000000600000000, 0x0000000800000000)
  region size 4096K, 32 young (131072K), 2 survivors (8192K)
 Metaspace       used 170363K, committed 172672K, reserved 1245184K
  class space    used 22182K, committed 23296K, reserved 1048576K
}
Event: 5117.650 GC heap after
{Heap after GC invocations=119 (full 1):
 garbage-first heap   total 1478656K, used 399222K [0x0000000600000000, 0x0000000800000000)
  region size 4096K, 4 young (16384K), 4 survivors (16384K)
 Metaspace       used 170363K, committed 172672K, reserved 1245184K
  class space    used 22182K, committed 23296K, reserved 1048576K
}
Event: 5120.730 GC heap before
{Heap before GC invocations=119 (full 1):
 garbage-first heap   total 1478656K, used 501622K [0x0000000600000000, 0x0000000800000000)
  region size 4096K, 29 young (118784K), 4 survivors (16384K)
 Metaspace       used 170427K, committed 172736K, reserved 1245184K
  class space    used 22184K, committed 23296K, reserved 1048576K
}
Event: 5120.846 GC heap after
{Heap after GC invocations=120 (full 1):
 garbage-first heap   total 1478656K, used 412917K [0x0000000600000000, 0x0000000800000000)
  region size 4096K, 3 young (12288K), 3 survivors (12288K)
 Metaspace       used 170427K, committed 172736K, reserved 1245184K
  class space    used 22184K, committed 23296K, reserved 1048576K
}
Event: 5122.087 GC heap before
{Heap before GC invocations=120 (full 1):
 garbage-first heap   total 1478656K, used 670965K [0x0000000600000000, 0x0000000800000000)
  region size 4096K, 30 young (122880K), 3 survivors (12288K)
 Metaspace       used 170444K, committed 172736K, reserved 1245184K
  class space    used 22184K, committed 23296K, reserved 1048576K
}
Event: 5122.120 GC heap after
{Heap after GC invocations=121 (full 1):
 garbage-first heap   total 1478656K, used 570898K [0x0000000600000000, 0x0000000800000000)
  region size 4096K, 3 young (12288K), 3 survivors (12288K)
 Metaspace       used 170444K, committed 172736K, reserved 1245184K
  class space    used 22184K, committed 23296K, reserved 1048576K
}
Event: 5128.179 GC heap before
{Heap before GC invocations=121 (full 1):
 garbage-first heap   total 1478656K, used 763410K [0x0000000600000000, 0x0000000800000000)
  region size 4096K, 51 young (208896K), 3 survivors (12288K)
 Metaspace       used 170514K, committed 172864K, reserved 1245184K
  class space    used 22188K, committed 23296K, reserved 1048576K
}
Event: 5128.201 GC heap after
{Heap after GC invocations=122 (full 1):
 garbage-first heap   total 1478656K, used 434813K [0x0000000600000000, 0x0000000800000000)
  region size 4096K, 6 young (24576K), 6 survivors (24576K)
 Metaspace       used 170514K, committed 172864K, reserved 1245184K
  class space    used 22188K, committed 23296K, reserved 1048576K
}
Event: 5602.539 GC heap before
{Heap before GC invocations=122 (full 1):
 garbage-first heap   total 1478656K, used 664189K [0x0000000600000000, 0x0000000800000000)
  region size 4096K, 63 young (258048K), 6 survivors (24576K)
 Metaspace       used 170613K, committed 172928K, reserved 1245184K
  class space    used 22194K, committed 23296K, reserved 1048576K
}
Event: 5602.855 GC heap after
{Heap after GC invocations=123 (full 1):
 garbage-first heap   total 1478656K, used 438226K [0x0000000600000000, 0x0000000800000000)
  region size 4096K, 4 young (16384K), 4 survivors (16384K)
 Metaspace       used 170613K, committed 172928K, reserved 1245184K
  class space    used 22194K, committed 23296K, reserved 1048576K
}
Event: 5606.538 GC heap before
{Heap before GC invocations=123 (full 1):
 garbage-first heap   total 1478656K, used 597970K [0x0000000600000000, 0x0000000800000000)
  region size 4096K, 43 young (176128K), 4 survivors (16384K)
 Metaspace       used 170782K, committed 173120K, reserved 1245184K
  class space    used 22199K, committed 23296K, reserved 1048576K
}
Event: 5606.628 GC heap after
{Heap after GC invocations=124 (full 1):
 garbage-first heap   total 1478656K, used 460600K [0x0000000600000000, 0x0000000800000000)
  region size 4096K, 6 young (24576K), 6 survivors (24576K)
 Metaspace       used 170782K, committed 173120K, reserved 1245184K
  class space    used 22199K, committed 23296K, reserved 1048576K
}
Event: 5607.343 GC heap before
{Heap before GC invocations=124 (full 1):
 garbage-first heap   total 1478656K, used 538424K [0x0000000600000000, 0x0000000800000000)
  region size 4096K, 25 young (102400K), 6 survivors (24576K)
 Metaspace       used 170835K, committed 173120K, reserved 1245184K
  class space    used 22199K, committed 23296K, reserved 1048576K
}
Event: 5607.438 GC heap after
{Heap after GC invocations=125 (full 1):
 garbage-first heap   total 1478656K, used 477009K [0x0000000600000000, 0x0000000800000000)
  region size 4096K, 4 young (16384K), 4 survivors (16384K)
 Metaspace       used 170835K, committed 173120K, reserved 1245184K
  class space    used 22199K, committed 23296K, reserved 1048576K
}
Event: 5609.757 GC heap before
{Heap before GC invocations=125 (full 1):
 garbage-first heap   total 1478656K, used 620369K [0x0000000600000000, 0x0000000800000000)
  region size 4096K, 40 young (163840K), 4 survivors (16384K)
 Metaspace       used 170943K, committed 173312K, reserved 1245184K
  class space    used 22205K, committed 23360K, reserved 1048576K
}
Event: 5609.839 GC heap after
{Heap after GC invocations=126 (full 1):
 garbage-first heap   total 1478656K, used 505156K [0x0000000600000000, 0x0000000800000000)
  region size 4096K, 5 young (20480K), 5 survivors (20480K)
 Metaspace       used 170943K, committed 173312K, reserved 1245184K
  class space    used 22205K, committed 23360K, reserved 1048576K
}
Event: 5637.987 GC heap before
{Heap before GC invocations=126 (full 1):
 garbage-first heap   total 1478656K, used 681284K [0x0000000600000000, 0x0000000800000000)
  region size 4096K, 48 young (196608K), 5 survivors (20480K)
 Metaspace       used 170982K, committed 173312K, reserved 1245184K
  class space    used 22206K, committed 23360K, reserved 1048576K
}

